[debug] [2017-10-13T23:22:48.633Z] ----------------------------------------------------------------------
[debug] [2017-10-13T23:22:48.648Z] Command:       C:\Program Files\nodejs\node.exe C:\Users\Vyshnavi Perla\AppData\Roaming\npm\node_modules\firebase-tools\bin\firebase serve
[debug] [2017-10-13T23:22:48.648Z] CLI Version:   3.13.1
[debug] [2017-10-13T23:22:48.648Z] Platform:      win32
[debug] [2017-10-13T23:22:48.648Z] Node Version:  v6.11.3
[debug] [2017-10-13T23:22:48.648Z] Time:          Fri Oct 13 2017 18:22:48 GMT-0500 (Central Daylight Time)
[debug] [2017-10-13T23:22:48.648Z] ----------------------------------------------------------------------
[debug] 
[debug] [2017-10-13T23:22:48.648Z] > command requires scopes: ["email","openid","https://www.googleapis.com/auth/cloudplatformprojects.readonly","https://www.googleapis.com/auth/firebase","https://www.googleapis.com/auth/cloud-platform"]
[debug] [2017-10-13T23:22:48.648Z] > authorizing via signed-in user
[debug] [2017-10-13T23:22:48.664Z] > refreshing access token with scopes: ["email","https://www.googleapis.com/auth/cloud-platform","https://www.googleapis.com/auth/cloudplatformprojects.readonly","https://www.googleapis.com/auth/firebase","openid"]
[debug] [2017-10-13T23:22:48.664Z] >>> HTTP REQUEST POST https://www.googleapis.com/oauth2/v3/token { refresh_token: '1/Q-yuLXkxBEKd8GXwuXrSJ3hfqXSEmVmI2J4lJJ9pcaY',
  client_id: '563584335869-fgrhgmd47bqnekij5i8b5pr03ho849e6.apps.googleusercontent.com',
  client_secret: 'j9iVZfS8kkCEFUPaAeJV0sAi',
  grant_type: 'refresh_token',
  scope: 'email https://www.googleapis.com/auth/cloud-platform https://www.googleapis.com/auth/cloudplatformprojects.readonly https://www.googleapis.com/auth/firebase openid' } 
 Fri Oct 13 2017 18:22:48 GMT-0500 (Central Daylight Time)
[debug] [2017-10-13T23:22:48.820Z] <<< HTTP RESPONSE 200
[debug] [2017-10-13T23:22:49.633Z] >>> HTTP REQUEST GET https://admin.firebase.com/v1/projects/rubix-chat-8fbc5  
 Fri Oct 13 2017 18:22:49 GMT-0500 (Central Daylight Time)
[debug] [2017-10-13T23:22:49.867Z] <<< HTTP RESPONSE 200
[debug] [2017-10-13T23:22:49.867Z] >>> HTTP REQUEST GET https://admin.firebase.com/v1/database/rubix-chat-8fbc5/tokens  
 Fri Oct 13 2017 18:22:49 GMT-0500 (Central Daylight Time)
[debug] [2017-10-13T23:22:50.195Z] <<< HTTP RESPONSE 200
[info] 
[info] === Serving from 'C:\Users\Vyshnavi Perla\Desktop\WebBasedMail\chat\web-start'...
[info] 
[debug] [2017-10-13T23:22:50.195Z] >>> HTTP REQUEST GET https://cloudresourcemanager.googleapis.com/v1/projects/rubix-chat-8fbc5  
 Fri Oct 13 2017 18:22:50 GMT-0500 (Central Daylight Time)
[debug] [2017-10-13T23:22:50.445Z] <<< HTTP RESPONSE 200
[debug] [2017-10-13T23:22:50.445Z] >>> HTTP REQUEST GET https://mobilesdk-pa.googleapis.com/v1/projects/540134020776/clients/_:getWebAppConfig  
 Fri Oct 13 2017 18:22:50 GMT-0500 (Central Daylight Time)
[debug] [2017-10-13T23:22:50.695Z] <<< HTTP RESPONSE 200
[info] i  hosting: Serving hosting files from: ./
[info] +  hosting: Local server: http://localhost:5000

